2017-09-26 04:11:22.228  INFO [zipkin-server,,,] 1 --- [           main] o.s.b.f.s.DefaultListableBeanFactory     : Overriding bean definition for bean 'characterEncodingFilter' with a different definition: replacing [Root bean: class [null]; scope=; abstract=false; lazyInit=false; autowireMode=3; dependencyCheck=0; autowireCandidate=true; primary=false; factoryBeanName=org.springframework.boot.autoconfigure.web.HttpEncodingAutoConfiguration; factoryMethodName=characterEncodingFilter; initMethodName=null; destroyMethodName=(inferred); defined in class path resource [org/springframework/boot/autoconfigure/web/HttpEncodingAutoConfiguration.class]] with [Root bean: class [null]; scope=; abstract=false; lazyInit=false; autowireMode=3; dependencyCheck=0; autowireCandidate=true; primary=false; factoryBeanName=zipkin.autoconfigure.ui.ZipkinUiAutoConfiguration; factoryMethodName=characterEncodingFilter; initMethodName=null; destroyMethodName=(inferred); defined in class path resource [zipkin/autoconfigure/ui/ZipkinUiAutoConfiguration.class]]
2017-09-26 04:11:22.258  WARN [zipkin-server,,,] 1 --- [           main] o.s.c.a.ConfigurationClassPostProcessor  : Cannot enhance @Configuration bean definition 'refreshScope' since its singleton instance has been created too early. The typical cause is a non-static @Bean method with a BeanDefinitionRegistryPostProcessor return type: Consider declaring such methods as 'static'.
2017-09-26 04:11:22.453  INFO [zipkin-server,,,] 1 --- [           main] o.s.cloud.context.scope.GenericScope     : BeanFactory id=fab4b246-dd34-32a6-bacb-d6c3d2ab8ed4
2017-09-26 04:11:22.474  INFO [zipkin-server,,,] 1 --- [           main] faultConfiguringBeanFactoryPostProcessor : No bean named 'errorChannel' has been explicitly defined. Therefore, a default PublishSubscribeChannel will be created.
2017-09-26 04:11:22.478  INFO [zipkin-server,,,] 1 --- [           main] faultConfiguringBeanFactoryPostProcessor : No bean named 'taskScheduler' has been explicitly defined. Therefore, a default ThreadPoolTaskScheduler will be created.
2017-09-26 04:11:22.509  INFO [zipkin-server,,,] 1 --- [           main] trationDelegate$BeanPostProcessorChecker : Bean 'org.springframework.amqp.rabbit.annotation.RabbitBootstrapConfiguration' of type [class org.springframework.amqp.rabbit.annotation.RabbitBootstrapConfiguration$$EnhancerBySpringCGLIB$$2a8de7a8] is not eligible for getting processed by all BeanPostProcessors (for example: not eligible for auto-proxying)
2017-09-26 04:11:22.605  INFO [zipkin-server,,,] 1 --- [           main] trationDelegate$BeanPostProcessorChecker : Bean 'org.springframework.cloud.sleuth.instrument.async.AsyncDefaultAutoConfiguration$DefaultAsyncConfigurerSupport' of type [class org.springframework.cloud.sleuth.instrument.async.AsyncDefaultAutoConfiguration$DefaultAsyncConfigurerSupport$$EnhancerBySpringCGLIB$$a163c73d] is not eligible for getting processed by all BeanPostProcessors (for example: not eligible for auto-proxying)
2017-09-26 04:11:22.684  INFO [zipkin-server,,,] 1 --- [           main] trationDelegate$BeanPostProcessorChecker : Bean 'org.springframework.cloud.stream.config.ChannelBindingServiceConfiguration$PostProcessorConfiguration' of type [class org.springframework.cloud.stream.config.ChannelBindingServiceConfiguration$PostProcessorConfiguration$$EnhancerBySpringCGLIB$$5becc206] is not eligible for getting processed by all BeanPostProcessors (for example: not eligible for auto-proxying)
2017-09-26 04:11:23.014  INFO [zipkin-server,,,] 1 --- [           main] trationDelegate$BeanPostProcessorChecker : Bean 'org.springframework.cloud.autoconfigure.ConfigurationPropertiesRebinderAutoConfiguration' of type [class org.springframework.cloud.autoconfigure.ConfigurationPropertiesRebinderAutoConfiguration$$EnhancerBySpringCGLIB$$803c2c77] is not eligible for getting processed by all BeanPostProcessors (for example: not eligible for auto-proxying)
2017-09-26 04:11:23.037  INFO [zipkin-server,,,] 1 --- [           main] trationDelegate$BeanPostProcessorChecker : Bean 'org.springframework.cloud.autoconfigure.RefreshEndpointAutoConfiguration' of type [class org.springframework.cloud.autoconfigure.RefreshEndpointAutoConfiguration$$EnhancerBySpringCGLIB$$299b2e6d] is not eligible for getting processed by all BeanPostProcessors (for example: not eligible for auto-proxying)
2017-09-26 04:11:23.571  INFO [zipkin-server,,,] 1 --- [           main] s.b.c.e.t.TomcatEmbeddedServletContainer : Tomcat initialized with port(s): 9411 (http)
2017-09-26 04:11:23.591  INFO [zipkin-server,,,] 1 --- [           main] o.apache.catalina.core.StandardService   : Starting service Tomcat
2017-09-26 04:11:23.593  INFO [zipkin-server,,,] 1 --- [           main] org.apache.catalina.core.StandardEngine  : Starting Servlet Engine: Apache Tomcat/8.0.36
2017-09-26 04:11:23.701  INFO [zipkin-server,,,] 1 --- [ost-startStop-1] o.a.c.c.C.[Tomcat].[localhost].[/]       : Initializing Spring embedded WebApplicationContext
2017-09-26 04:11:23.701  INFO [zipkin-server,,,] 1 --- [ost-startStop-1] o.s.web.context.ContextLoader            : Root WebApplicationContext: initialization completed in 2632 ms
2017-09-26 04:11:25.031  INFO [zipkin-server,,,] 1 --- [ost-startStop-1] o.s.b.c.embedded.FilterRegistrationBean  : Mapping filter: 'metricFilter' to: [/*]
2017-09-26 04:11:25.033  INFO [zipkin-server,,,] 1 --- [ost-startStop-1] o.s.b.c.embedded.FilterRegistrationBean  : Mapping filter: 'traceFilter' to: [/*]
2017-09-26 04:11:25.033  INFO [zipkin-server,,,] 1 --- [ost-startStop-1] o.s.b.c.embedded.FilterRegistrationBean  : Mapping filter: 'hiddenHttpMethodFilter' to: [/*]
2017-09-26 04:11:25.033  INFO [zipkin-server,,,] 1 --- [ost-startStop-1] o.s.b.c.embedded.FilterRegistrationBean  : Mapping filter: 'httpPutFormContentFilter' to: [/*]
2017-09-26 04:11:25.033  INFO [zipkin-server,,,] 1 --- [ost-startStop-1] o.s.b.c.embedded.FilterRegistrationBean  : Mapping filter: 'requestContextFilter' to: [/*]
2017-09-26 04:11:25.033  INFO [zipkin-server,,,] 1 --- [ost-startStop-1] o.s.b.c.embedded.FilterRegistrationBean  : Mapping filter: 'webRequestLoggingFilter' to: [/*]
2017-09-26 04:11:25.033  INFO [zipkin-server,,,] 1 --- [ost-startStop-1] o.s.b.c.embedded.FilterRegistrationBean  : Mapping filter: 'applicationContextIdFilter' to: [/*]
2017-09-26 04:11:25.033  INFO [zipkin-server,,,] 1 --- [ost-startStop-1] o.s.b.c.embedded.FilterRegistrationBean  : Mapping filter: 'characterEncodingFilter' to: [/*]
2017-09-26 04:11:25.034  INFO [zipkin-server,,,] 1 --- [ost-startStop-1] o.s.b.c.e.ServletRegistrationBean        : Mapping servlet: 'dispatcherServlet' to [/]
2017-09-26 04:11:25.629  INFO [zipkin-server,,,] 1 --- [           main] o.s.b.f.config.PropertiesFactoryBean     : Loading properties file from URL [jar:file:/app.jar!/lib/spring-integration-core-4.2.9.RELEASE.jar!/META-INF/spring.integration.default.properties]
2017-09-26 04:11:25.835  INFO [zipkin-server,,,] 1 --- [           main] o.s.s.c.ThreadPoolTaskScheduler          : Initializing ExecutorService  'taskScheduler'
2017-09-26 04:11:26.258  INFO [zipkin-server,,,] 1 --- [           main] s.w.s.m.m.a.RequestMappingHandlerAdapter : Looking for @ControllerAdvice: org.springframework.boot.context.embedded.AnnotationConfigEmbeddedWebApplicationContext@19bb089b: startup date [Tue Sep 26 04:11:21 GMT 2017]; parent: org.springframework.context.annotation.AnnotationConfigApplicationContext@61e4705b
2017-09-26 04:11:26.387  INFO [zipkin-server,,,] 1 --- [           main] s.w.s.m.m.a.RequestMappingHandlerMapping : Mapped "{[/api/v1/dependencies],methods=[GET],produces=[application/json]}" onto public byte[] zipkin.server.ZipkinQueryApiV1.getDependencies(long,java.lang.Long)
2017-09-26 04:11:26.388  INFO [zipkin-server,,,] 1 --- [           main] s.w.s.m.m.a.RequestMappingHandlerMapping : Mapped "{[/api/v1/services],methods=[GET]}" onto public org.springframework.http.ResponseEntity<java.util.List<java.lang.String>> zipkin.server.ZipkinQueryApiV1.getServiceNames()
2017-09-26 04:11:26.389  INFO [zipkin-server,,,] 1 --- [           main] s.w.s.m.m.a.RequestMappingHandlerMapping : Mapped "{[/api/v1/spans],methods=[GET]}" onto public org.springframework.http.ResponseEntity<java.util.List<java.lang.String>> zipkin.server.ZipkinQueryApiV1.getSpanNames(java.lang.String)
2017-09-26 04:11:26.389  INFO [zipkin-server,,,] 1 --- [           main] s.w.s.m.m.a.RequestMappingHandlerMapping : Mapped "{[/api/v1/traces],methods=[GET],produces=[application/json]}" onto public byte[] zipkin.server.ZipkinQueryApiV1.getTraces(java.lang.String,java.lang.String,java.lang.String,java.lang.Long,java.lang.Long,java.lang.Long,java.lang.Long,java.lang.Integer)
2017-09-26 04:11:26.389  INFO [zipkin-server,,,] 1 --- [           main] s.w.s.m.m.a.RequestMappingHandlerMapping : Mapped "{[/api/v1/trace/{traceId}],methods=[GET],produces=[application/json]}" onto public byte[] zipkin.server.ZipkinQueryApiV1.getTrace(java.lang.String,org.springframework.web.context.request.WebRequest)
2017-09-26 04:11:26.390  INFO [zipkin-server,,,] 1 --- [           main] s.w.s.m.m.a.RequestMappingHandlerMapping : Mapped "{[/api/v1/spans],methods=[POST]}" onto public org.springframework.web.context.request.async.DeferredResult<org.springframework.http.ResponseEntity<?>> zipkin.server.ZipkinHttpCollector.uploadSpansJson(java.lang.String,byte[])
2017-09-26 04:11:26.390  INFO [zipkin-server,,,] 1 --- [           main] s.w.s.m.m.a.RequestMappingHandlerMapping : Mapped "{[/api/v1/spans],methods=[POST],consumes=[application/x-thrift]}" onto public org.springframework.web.context.request.async.DeferredResult<org.springframework.http.ResponseEntity<?>> zipkin.server.ZipkinHttpCollector.uploadSpansThrift(java.lang.String,byte[])
2017-09-26 04:11:26.394  INFO [zipkin-server,,,] 1 --- [           main] s.w.s.m.m.a.RequestMappingHandlerMapping : Mapped "{[/error]}" onto public org.springframework.http.ResponseEntity<java.util.Map<java.lang.String, java.lang.Object>> org.springframework.boot.autoconfigure.web.BasicErrorController.error(javax.servlet.http.HttpServletRequest)
2017-09-26 04:11:28.697  INFO [zipkin-server,,,] 1 --- [           main] o.s.i.endpoint.EventDrivenConsumer       : Adding {logging-channel-adapter:_org.springframework.integration.errorLogger} as a subscriber to the 'errorChannel' channel
2017-09-26 04:11:28.697  INFO [zipkin-server,,,] 1 --- [           main] o.s.i.channel.PublishSubscribeChannel    : Channel 'zipkin-server:docker:9411.errorChannel' has 1 subscriber(s).
2017-09-26 04:11:28.697  INFO [zipkin-server,,,] 1 --- [           main] o.s.i.endpoint.EventDrivenConsumer       : started _org.springframework.integration.errorLogger
2017-09-26 04:11:28.697  INFO [zipkin-server,,,] 1 --- [           main] o.s.c.support.DefaultLifecycleProcessor  : Starting beans in phase 2147482647
2017-09-26 04:11:28.768  INFO [zipkin-server,,,] 1 --- [           main] s.c.a.AnnotationConfigApplicationContext : Refreshing org.springframework.context.annotation.AnnotationConfigApplicationContext@3da05287: startup date [Tue Sep 26 04:11:28 GMT 2017]; root of context hierarchy
2017-09-26 04:11:28.776  INFO [zipkin-server,,,] 1 --- [           main] trationDelegate$BeanPostProcessorChecker : Bean 'configurationPropertiesRebinderAutoConfiguration' of type [class org.springframework.cloud.autoconfigure.ConfigurationPropertiesRebinderAutoConfiguration$$EnhancerBySpringCGLIB$$803c2c77] is not eligible for getting processed by all BeanPostProcessors (for example: not eligible for auto-proxying)
2017-09-26 04:11:28.854  INFO [zipkin-server,,,] 1 --- [           main] s.c.m.w.zipkin.ZipkinServerApplication   : The following profiles are active: docker
2017-09-26 04:11:28.859  INFO [zipkin-server,,,] 1 --- [           main] s.c.a.AnnotationConfigApplicationContext : Refreshing org.springframework.context.annotation.AnnotationConfigApplicationContext@7f36662c: startup date [Tue Sep 26 04:11:28 GMT 2017]; parent: org.springframework.boot.context.embedded.AnnotationConfigEmbeddedWebApplicationContext@19bb089b
2017-09-26 04:11:28.948  INFO [zipkin-server,,,] 1 --- [           main] o.s.c.support.GenericApplicationContext  : Refreshing org.springframework.context.support.GenericApplicationContext@340da44c: startup date [Tue Sep 26 04:11:28 GMT 2017]; root of context hierarchy
2017-09-26 04:11:28.980  INFO [zipkin-server,,,] 1 --- [           main] s.c.m.w.zipkin.ZipkinServerApplication   : Started ZipkinServerApplication in 0.275 seconds (JVM running for 9.829)
2017-09-26 04:11:29.000  INFO [zipkin-server,,,] 1 --- [           main] o.s.c.s.b.r.RabbitMessageChannelBinder   : declaring queue for inbound: sleuth.sleuth, bound to: sleuth
2017-09-26 04:11:34.260  WARN [zipkin-server,,,] 1 --- [           main] ationConfigEmbeddedWebApplicationContext : Exception encountered during context initialization - cancelling refresh attempt: org.springframework.context.ApplicationContextException: Failed to start bean 'outputBindingLifecycle'; nested exception is org.springframework.context.ApplicationContextException: Failed to start bean 'inputBindingLifecycle'; nested exception is org.springframework.amqp.AmqpIOException: java.net.UnknownHostException: rabbitmq
2017-09-26 04:11:34.266  INFO [zipkin-server,,,] 1 --- [           main] o.s.j.e.a.AnnotationMBeanExporter        : Unregistering JMX-exposed beans on shutdown
2017-09-26 04:11:34.266  INFO [zipkin-server,,,] 1 --- [           main] o.s.j.e.a.AnnotationMBeanExporter        : Unregistering JMX-exposed beans
2017-09-26 04:11:34.268  INFO [zipkin-server,,,] 1 --- [           main] o.s.s.c.ThreadPoolTaskScheduler          : Shutting down ExecutorService 'taskScheduler'
2017-09-26 04:11:34.269  INFO [zipkin-server,,,] 1 --- [           main] s.c.a.AnnotationConfigApplicationContext : Closing org.springframework.context.annotation.AnnotationConfigApplicationContext@7f36662c: startup date [Tue Sep 26 04:11:28 GMT 2017]; parent: org.springframework.boot.context.embedded.AnnotationConfigEmbeddedWebApplicationContext@19bb089b
2017-09-26 04:11:34.278  INFO [zipkin-server,,,] 1 --- [           main] o.apache.catalina.core.StandardService   : Stopping service Tomcat
2017-09-26 04:11:34.318 ERROR [zipkin-server,,,] 1 --- [           main] o.s.boot.SpringApplication               : Application startup failed