[2017-09-26T14:38:05,896][INFO ][o.e.n.Node               ] [] initializing ...
[2017-09-26T14:38:06,016][INFO ][o.e.e.NodeEnvironment    ] [Pgj77VI] using [1] data paths, mounts [[/ (/dev/sda1)]], net usable_space [7.5gb], net total_space [35.3gb], spins? [possibly], types [ext4]
[2017-09-26T14:38:06,017][INFO ][o.e.e.NodeEnvironment    ] [Pgj77VI] heap size [1.9gb], compressed ordinary object pointers [true]
[2017-09-26T14:38:06,071][INFO ][o.e.n.Node               ] node name [Pgj77VI] derived from node ID [Pgj77VImTfmVPjfYX-aDFQ]; set [node.name] to override
[2017-09-26T14:38:06,071][INFO ][o.e.n.Node               ] version[5.6.0], pid[7887], build[781a835/2017-09-07T03:09:58.087Z], OS[Linux/4.4.0-38-generic/amd64], JVM[Oracle Corporation/Java HotSpot(TM) 64-Bit Server VM/1.8.0_77/25.77-b03]
[2017-09-26T14:38:06,072][INFO ][o.e.n.Node               ] JVM arguments [-Xms2g, -Xmx2g, -XX:+UseConcMarkSweepGC, -XX:CMSInitiatingOccupancyFraction=75, -XX:+UseCMSInitiatingOccupancyOnly, -XX:+AlwaysPreTouch, -Xss1m, -Djava.awt.headless=true, -Dfile.encoding=UTF-8, -Djna.nosys=true, -Djdk.io.permissionsUseCanonicalPath=true, -Dio.netty.noUnsafe=true, -Dio.netty.noKeySetOptimization=true, -Dio.netty.recycler.maxCapacityPerThread=0, -Dlog4j.shutdownHookEnabled=false, -Dlog4j2.disable.jmx=true, -Dlog4j.skipJansi=true, -XX:+HeapDumpOnOutOfMemoryError, -Des.path.home=/opt/softwares/elastic-5.6.0/elasticsearch-5.6.0]
[2017-09-26T14:38:07,323][INFO ][o.e.p.PluginsService     ] [Pgj77VI] loaded module [aggs-matrix-stats]
[2017-09-26T14:38:07,323][INFO ][o.e.p.PluginsService     ] [Pgj77VI] loaded module [ingest-common]
[2017-09-26T14:38:07,324][INFO ][o.e.p.PluginsService     ] [Pgj77VI] loaded module [lang-expression]
[2017-09-26T14:38:07,325][INFO ][o.e.p.PluginsService     ] [Pgj77VI] loaded module [lang-groovy]
[2017-09-26T14:38:07,325][INFO ][o.e.p.PluginsService     ] [Pgj77VI] loaded module [lang-mustache]
[2017-09-26T14:38:07,325][INFO ][o.e.p.PluginsService     ] [Pgj77VI] loaded module [lang-painless]
[2017-09-26T14:38:07,326][INFO ][o.e.p.PluginsService     ] [Pgj77VI] loaded module [parent-join]
[2017-09-26T14:38:07,326][INFO ][o.e.p.PluginsService     ] [Pgj77VI] loaded module [percolator]
[2017-09-26T14:38:07,326][INFO ][o.e.p.PluginsService     ] [Pgj77VI] loaded module [reindex]
[2017-09-26T14:38:07,326][INFO ][o.e.p.PluginsService     ] [Pgj77VI] loaded module [transport-netty3]
[2017-09-26T14:38:07,327][INFO ][o.e.p.PluginsService     ] [Pgj77VI] loaded module [transport-netty4]
[2017-09-26T14:38:07,327][INFO ][o.e.p.PluginsService     ] [Pgj77VI] no plugins loaded
[2017-09-26T14:38:09,465][INFO ][o.e.d.DiscoveryModule    ] [Pgj77VI] using discovery type [zen]
[2017-09-26T14:38:10,211][INFO ][o.e.n.Node               ] initialized
[2017-09-26T14:38:10,212][INFO ][o.e.n.Node               ] [Pgj77VI] starting ...
[2017-09-26T14:38:10,524][INFO ][o.e.t.TransportService   ] [Pgj77VI] publish_address {127.0.0.1:9300}, bound_addresses {[::1]:9300}, {127.0.0.1:9300}
[2017-09-26T14:38:10,539][WARN ][o.e.b.BootstrapChecks    ] [Pgj77VI] max virtual memory areas vm.max_map_count [65530] is too low, increase to at least [262144]
[2017-09-26T14:38:13,654][INFO ][o.e.c.s.ClusterService   ] [Pgj77VI] new_master {Pgj77VI}{Pgj77VImTfmVPjfYX-aDFQ}{RMgGNlOcT9-fxY0YsKtfEw}{127.0.0.1}{127.0.0.1:9300}, reason: zen-disco-elected-as-master ([0] nodes joined)
[2017-09-26T14:38:13,725][INFO ][o.e.h.n.Netty4HttpServerTransport] [Pgj77VI] publish_address {127.0.0.1:9200}, bound_addresses {[::1]:9200}, {127.0.0.1:9200}
[2017-09-26T14:38:13,726][INFO ][o.e.n.Node               ] [Pgj77VI] started
[2017-09-26T14:38:14,016][INFO ][o.e.g.GatewayService     ] [Pgj77VI] recovered [4] indices into cluster_state
[2017-09-26T14:38:14,904][INFO ][o.e.c.r.a.AllocationService] [Pgj77VI] Cluster health status changed from [RED] to [YELLOW] (reason: [shards started [[.kibana][0]] ...]).
[2017-09-26T14:40:02,034][INFO ][o.e.c.m.MetaDataCreateIndexService] [Pgj77VI] [logstash-spring-boot] creating index, cause [auto(bulk api)], templates [logstash], shards [5]/[1], mappings [_default_]
[2017-09-26T14:40:02,449][INFO ][o.e.c.m.MetaDataMappingService] [Pgj77VI] [logstash-spring-boot/W_AjfT9oTYSOSvIC-SmVPQ] create_mapping [logs]
[2017-09-26T14:56:34,907][INFO ][o.e.c.m.MetaDataCreateIndexService] [Pgj77VI] [logstash-consul] creating index, cause [auto(bulk api)], templates [logstash], shards [5]/[1], mappings [_default_]
[2017-09-26T14:56:35,040][INFO ][o.e.c.m.MetaDataMappingService] [Pgj77VI] [logstash-consul/WuR4OKd3QEalHi4zw-rqHg] create_mapping [logs]
[2017-09-26T14:56:35,134][INFO ][o.e.c.m.MetaDataMappingService] [Pgj77VI] [logstash-consul/WuR4OKd3QEalHi4zw-rqHg] update_mapping [logs]
[2017-09-26T14:58:35,106][INFO ][o.e.c.m.MetaDataCreateIndexService] [Pgj77VI] [logstash-elasticsearch] creating index, cause [auto(bulk api)], templates [logstash], shards [5]/[1], mappings [_default_]
[2017-09-26T14:58:35,241][INFO ][o.e.c.m.MetaDataMappingService] [Pgj77VI] [logstash-elasticsearch/IP2UeU2QS1aFAVm-akThNQ] create_mapping [logs]
[2017-09-26T14:58:35,375][INFO ][o.e.c.m.MetaDataMappingService] [Pgj77VI] [logstash-elasticsearch/IP2UeU2QS1aFAVm-akThNQ] update_mapping [logs]
